<?xml version="1.0" encoding="UTF-8"?>
<!-- Generated by org.testng.reporters.JUnitXMLReporter -->
<testsuite hostname="LAPTOP-U08S3ANA" ignored="0" name="Default test" tests="3" failures="0" timestamp="15 Aug 2020 02:43:16 GMT" time="15.477" errors="0">
  <testcase name="verifySignUpLinkTest" time="4.651" classname="com.qa.hubspot.testcases.LoginPageTest"/>
  <testcase name="verifyLoginPageTitleTest" time="0.013" classname="com.qa.hubspot.testcases.LoginPageTest"/>
  <testcase name="doLoginTest" time="0.915" classname="com.qa.hubspot.testcases.LoginPageTest"/>
</testsuite> <!-- Default test -->
