<?xml version="1.0" encoding="UTF-8"?>
<testng-results skipped="0" failed="0" ignored="0" total="3" passed="3">
  <reporter-output>
  </reporter-output>
  <suite name="Default suite" duration-ms="15477" started-at="2020-08-15T02:43:00Z" finished-at="2020-08-15T02:43:16Z">
    <groups>
    </groups>
    <test name="Default test" duration-ms="15477" started-at="2020-08-15T02:43:00Z" finished-at="2020-08-15T02:43:16Z">
      <class name="com.qa.hubspot.testcases.LoginPageTest">
        <test-method status="PASS" signature="setUp()[pri:0, instance:com.qa.hubspot.testcases.LoginPageTest@28d25987]" name="setUp" is-config="true" duration-ms="9123" started-at="2020-08-14T22:43:00Z" finished-at="2020-08-14T22:43:09Z">
          <reporter-output>
          </reporter-output>
        </test-method> <!-- setUp -->
        <test-method status="PASS" signature="verifySignUpLinkTest()[pri:1, instance:com.qa.hubspot.testcases.LoginPageTest@28d25987]" name="verifySignUpLinkTest" duration-ms="4651" started-at="2020-08-14T22:43:09Z" finished-at="2020-08-14T22:43:14Z">
          <reporter-output>
          </reporter-output>
        </test-method> <!-- verifySignUpLinkTest -->
        <test-method status="PASS" signature="verifyLoginPageTitleTest()[pri:2, instance:com.qa.hubspot.testcases.LoginPageTest@28d25987]" name="verifyLoginPageTitleTest" duration-ms="13" started-at="2020-08-14T22:43:14Z" finished-at="2020-08-14T22:43:14Z">
          <reporter-output>
          </reporter-output>
        </test-method> <!-- verifyLoginPageTitleTest -->
        <test-method status="PASS" signature="doLoginTest()[pri:3, instance:com.qa.hubspot.testcases.LoginPageTest@28d25987]" name="doLoginTest" duration-ms="915" started-at="2020-08-14T22:43:14Z" finished-at="2020-08-14T22:43:15Z">
          <reporter-output>
          </reporter-output>
        </test-method> <!-- doLoginTest -->
        <test-method status="PASS" signature="tearDown()[pri:0, instance:com.qa.hubspot.testcases.LoginPageTest@28d25987]" name="tearDown" is-config="true" duration-ms="721" started-at="2020-08-14T22:43:15Z" finished-at="2020-08-14T22:43:16Z">
          <reporter-output>
          </reporter-output>
        </test-method> <!-- tearDown -->
      </class> <!-- com.qa.hubspot.testcases.LoginPageTest -->
    </test> <!-- Default test -->
  </suite> <!-- Default suite -->
</testng-results>
