<?xml version="1.0" encoding="UTF-8"?>
<!-- Generated by org.testng.reporters.JUnitXMLReporter -->
<testsuite hostname="LAPTOP-U08S3ANA" ignored="0" name="LoginPage Test" tests="3" failures="0" timestamp="15 Aug 2020 23:21:42 GMT" time="55.843" errors="0">
  <testcase name="verifySignUpLinkTest" time="5.702" classname="com.qa.hubspot.testcases.LoginPageTest"/>
  <testcase name="verifyLoginPageTitleTest" time="0.024" classname="com.qa.hubspot.testcases.LoginPageTest"/>
  <testcase name="doLoginTest" time="21.216" classname="com.qa.hubspot.testcases.LoginPageTest"/>
</testsuite> <!-- LoginPage Test -->
