<?xml version="1.0" encoding="UTF-8"?>
<!-- Generated by org.testng.reporters.JUnitXMLReporter -->
<testsuite hostname="LAPTOP-U08S3ANA" ignored="0" name="Login Page Test" tests="3" failures="0" timestamp="15 Aug 2020 23:38:06 GMT" time="55.234" errors="0">
  <testcase name="verifySignUpLinkTest" time="5.443" classname="com.qa.hubspot.testcases.LoginPageTest"/>
  <testcase name="verifyLoginPageTitleTest" time="0.021" classname="com.qa.hubspot.testcases.LoginPageTest"/>
  <testcase name="doLoginTest" time="21.276" classname="com.qa.hubspot.testcases.LoginPageTest"/>
</testsuite> <!-- Login Page Test -->
